2023-10-05 13:15:15,553 - INFO - 2023-10-05 13:15:15 - Starting program...
2023-10-05 13:15:15,613 - INFO - 2023-10-05 13:15:15 - Starting with score: 528
2023-10-05 13:15:15,668 - INFO - 2023-10-05 13:15:15 - Better score found: 522
2023-10-05 13:15:15,798 - INFO - 2023-10-05 13:15:15 - Better score found: 516
2023-10-05 13:15:15,953 - INFO - 2023-10-05 13:15:15 - Better score found: 498
2023-10-05 13:15:16,163 - INFO - 2023-10-05 13:15:16 - Better score found: 486
2023-10-05 13:15:16,293 - INFO - 2023-10-05 13:15:16 - Better score found: 468
2023-10-05 13:15:16,338 - INFO - 2023-10-05 13:15:16 - Better score found: 456
2023-10-05 13:15:16,369 - INFO - 2023-10-05 13:15:16 - Better score found: 450
2023-10-05 13:15:16,428 - INFO - 2023-10-05 13:15:16 - Better score found: 438
2023-10-05 13:15:16,575 - INFO - 2023-10-05 13:15:16 - Better score found: 432
2023-10-05 13:15:16,673 - INFO - 2023-10-05 13:15:16 - Better score found: 426
2023-10-05 13:15:16,797 - INFO - 2023-10-05 13:15:16 - Better score found: 420
2023-10-05 13:15:16,857 - INFO - 2023-10-05 13:15:16 - Better score found: 414
2023-10-05 13:15:16,943 - INFO - 2023-10-05 13:15:16 - Better score found: 408
2023-10-05 13:15:16,969 - INFO - 2023-10-05 13:15:16 - Better score found: 390
2023-10-05 13:15:17,215 - INFO - 2023-10-05 13:15:17 - Better score found: 384
2023-10-05 13:15:17,316 - INFO - 2023-10-05 13:15:17 - Better score found: 372
2023-10-05 13:15:17,383 - INFO - 2023-10-05 13:15:17 - Better score found: 366
2023-10-05 13:15:17,454 - INFO - 2023-10-05 13:15:17 - Better score found: 360
2023-10-05 13:15:17,563 - INFO - 2023-10-05 13:15:17 - Better score found: 354
2023-10-05 13:15:17,618 - INFO - 2023-10-05 13:15:17 - Better score found: 348
2023-10-05 13:15:17,745 - INFO - 2023-10-05 13:15:17 - Better score found: 342
2023-10-05 13:15:17,833 - INFO - 2023-10-05 13:15:17 - Better score found: 336
2023-10-05 13:15:17,968 - INFO - 2023-10-05 13:15:17 - Better score found: 330
2023-10-05 13:15:18,013 - INFO - 2023-10-05 13:15:18 - Better score found: 318
2023-10-05 13:15:18,138 - INFO - 2023-10-05 13:15:18 - Better score found: 312
2023-10-05 13:15:18,194 - INFO - 2023-10-05 13:15:18 - Better score found: 306
2023-10-05 13:15:18,233 - INFO - 2023-10-05 13:15:18 - Better score found: 300
2023-10-05 13:15:18,278 - INFO - 2023-10-05 13:15:18 - Better score found: 294
2023-10-05 13:15:18,523 - INFO - 2023-10-05 13:15:18 - Better score found: 288
2023-10-05 13:15:18,966 - INFO - 2023-10-05 13:15:18 - Better score found: 282
2023-10-05 13:15:19,019 - INFO - 2023-10-05 13:15:19 - Better score found: 276
2023-10-05 13:15:19,043 - INFO - 2023-10-05 13:15:19 - Better score found: 270
2023-10-05 13:15:19,186 - INFO - 2023-10-05 13:15:19 - Better score found: 264
2023-10-05 13:15:19,223 - INFO - 2023-10-05 13:15:19 - Better score found: 258
2023-10-05 13:15:19,282 - INFO - 2023-10-05 13:15:19 - Better score found: 252
2023-10-05 13:15:19,333 - INFO - 2023-10-05 13:15:19 - Better score found: 246
2023-10-05 13:15:19,358 - INFO - 2023-10-05 13:15:19 - Better score found: 240
2023-10-05 13:15:19,718 - INFO - 2023-10-05 13:15:19 - Better score found: 234
2023-10-05 13:15:19,873 - INFO - 2023-10-05 13:15:19 - Better score found: 228
2023-10-05 13:15:19,903 - INFO - 2023-10-05 13:15:19 - Better score found: 222
2023-10-05 13:15:19,973 - INFO - 2023-10-05 13:15:19 - Better score found: 216
2023-10-05 13:15:20,073 - INFO - 2023-10-05 13:15:20 - Better score found: 210
2023-10-05 13:15:20,163 - INFO - 2023-10-05 13:15:20 - Better score found: 204
2023-10-05 13:15:20,259 - INFO - 2023-10-05 13:15:20 - Better score found: 198
2023-10-05 13:15:20,353 - INFO - 2023-10-05 13:15:20 - Better score found: 192
2023-10-05 13:15:20,533 - INFO - 2023-10-05 13:15:20 - Better score found: 180
2023-10-05 13:15:21,228 - INFO - 2023-10-05 13:15:21 - Better score found: 168
2023-10-05 13:15:21,643 - INFO - 2023-10-05 13:15:21 - Better score found: 156
2023-10-05 13:15:24,249 - INFO - 2023-10-05 13:15:24 - Better score found: 150
2023-10-05 13:15:27,424 - INFO - 2023-10-05 13:15:27 - Better score found: 138
2023-10-05 13:15:31,948 - INFO - 2023-10-05 13:15:31 - Better score found: 132
2023-10-05 13:15:37,386 - INFO - 2023-10-05 13:15:37 - Better score found: 126
2023-10-05 13:17:16,761 - INFO - 2023-10-05 13:17:16 - Better score found: 120
2023-10-05 13:17:18,884 - INFO - 2023-10-05 13:17:18 - Starting with score: 120
2023-10-05 13:17:19,152 - INFO - 2023-10-05 13:17:19 - Better score found: 108
2023-10-05 13:17:19,771 - INFO - 2023-10-05 13:17:19 - Better score found: 96
2023-10-05 13:17:20,218 - INFO - 2023-10-05 13:17:20 - Better score found: 84
2023-10-05 13:17:20,297 - INFO - 2023-10-05 13:17:20 - Better score found: 72
2023-10-05 13:17:20,360 - INFO - 2023-10-05 13:17:20 - Better score found: 60
2023-10-05 13:17:20,376 - INFO - 2023-10-05 13:17:20 - Better score found: 48
2023-10-05 13:17:20,470 - INFO - 2023-10-05 13:17:20 - Better score found: 36
2023-10-05 13:17:20,794 - INFO - 2023-10-05 13:17:20 - Better score found: 24
2023-10-05 13:18:31,519 - INFO - 2023-10-05 13:18:31 - Starting with score: 24
2023-10-05 13:19:46,419 - INFO - 2023-10-05 13:19:46- Finished
2023-10-05 13:56:48,658 - INFO - 2023-10-05 13:56:48 - Starting program...
2023-10-05 13:56:48,689 - INFO - 2023-10-05 13:56:48 - Starting voor...
2023-10-05 13:56:48,768 - INFO - 2023-10-05 13:56:48 - Starting with score: 528
2023-10-05 13:56:48,846 - INFO - 2023-10-05 13:56:48 - Better score found: 522
2023-10-05 13:56:49,001 - INFO - 2023-10-05 13:56:49 - Better score found: 516
2023-10-05 13:56:49,116 - INFO - 2023-10-05 13:56:49 - Better score found: 498
2023-10-05 13:56:49,320 - INFO - 2023-10-05 13:56:49 - Better score found: 486
2023-10-05 13:56:49,430 - INFO - 2023-10-05 13:56:49 - Better score found: 468
2023-10-05 13:56:49,471 - INFO - 2023-10-05 13:56:49 - Better score found: 456
2023-10-05 13:56:49,558 - INFO - 2023-10-05 13:56:49 - Better score found: 450
2023-10-05 13:56:49,664 - INFO - 2023-10-05 13:56:49 - Better score found: 438
2023-10-05 13:56:49,871 - INFO - 2023-10-05 13:56:49 - Better score found: 432
2023-10-05 13:56:50,031 - INFO - 2023-10-05 13:56:50 - Better score found: 426
2023-10-05 13:56:50,254 - INFO - 2023-10-05 13:56:50 - Better score found: 420
2023-10-05 13:56:50,359 - INFO - 2023-10-05 13:56:50 - Better score found: 414
2023-10-05 13:56:50,538 - INFO - 2023-10-05 13:56:50 - Better score found: 408
2023-10-05 13:56:50,586 - INFO - 2023-10-05 13:56:50 - Better score found: 390
2023-10-05 13:56:50,962 - INFO - 2023-10-05 13:56:50 - Better score found: 384
2023-10-05 13:56:51,142 - INFO - 2023-10-05 13:56:51 - Better score found: 372
2023-10-05 13:56:51,248 - INFO - 2023-10-05 13:56:51 - Better score found: 366
2023-10-05 13:56:51,351 - INFO - 2023-10-05 13:56:51 - Better score found: 360
2023-10-05 13:56:51,597 - INFO - 2023-10-05 13:56:51 - Better score found: 354
2023-10-05 13:56:51,704 - INFO - 2023-10-05 13:56:51 - Better score found: 348
2023-10-05 13:56:51,942 - INFO - 2023-10-05 13:56:51 - Better score found: 342
2023-10-05 13:56:52,102 - INFO - 2023-10-05 13:56:52 - Better score found: 336
2023-10-05 13:56:52,308 - INFO - 2023-10-05 13:56:52 - Better score found: 330
2023-10-05 13:56:52,362 - INFO - 2023-10-05 13:56:52 - Better score found: 318
2023-10-05 13:56:52,590 - INFO - 2023-10-05 13:56:52 - Better score found: 312
2023-10-05 13:56:52,715 - INFO - 2023-10-05 13:56:52 - Better score found: 306
2023-10-05 13:56:52,870 - INFO - 2023-10-05 13:56:52 - Better score found: 300
2023-10-05 13:56:52,967 - INFO - 2023-10-05 13:56:52 - Better score found: 294
2023-10-05 13:56:53,360 - INFO - 2023-10-05 13:56:53 - Better score found: 288
2023-10-05 13:56:54,245 - INFO - 2023-10-05 13:56:54 - Better score found: 282
2023-10-05 13:56:54,340 - INFO - 2023-10-05 13:56:54 - Better score found: 276
2023-10-05 13:56:54,399 - INFO - 2023-10-05 13:56:54 - Better score found: 270
2023-10-05 13:56:54,699 - INFO - 2023-10-05 13:56:54 - Better score found: 264
2023-10-05 13:56:54,762 - INFO - 2023-10-05 13:56:54 - Better score found: 258
2023-10-05 13:56:54,815 - INFO - 2023-10-05 13:56:54 - Better score found: 252
2023-10-05 13:56:54,922 - INFO - 2023-10-05 13:56:54 - Better score found: 246
2023-10-05 13:56:54,976 - INFO - 2023-10-05 13:56:54 - Better score found: 240
2023-10-05 13:56:55,626 - INFO - 2023-10-05 13:56:55 - Better score found: 234
2023-10-05 13:56:55,777 - INFO - 2023-10-05 13:56:55 - Better score found: 228
2023-10-05 13:56:55,839 - INFO - 2023-10-05 13:56:55 - Better score found: 222
2023-10-05 13:56:55,945 - INFO - 2023-10-05 13:56:55 - Better score found: 216
2023-10-05 13:56:56,167 - INFO - 2023-10-05 13:56:56 - Better score found: 210
2023-10-05 13:56:56,320 - INFO - 2023-10-05 13:56:56 - Better score found: 204
2023-10-05 13:56:56,469 - INFO - 2023-10-05 13:56:56 - Better score found: 198
2023-10-05 13:56:56,581 - INFO - 2023-10-05 13:56:56 - Better score found: 192
2023-10-05 13:56:56,888 - INFO - 2023-10-05 13:56:56 - Better score found: 180
2023-10-05 13:56:58,277 - INFO - 2023-10-05 13:56:58 - Better score found: 168
2023-10-05 13:56:59,063 - INFO - 2023-10-05 13:56:59 - Better score found: 156
2023-10-05 13:57:01,385 - INFO - 2023-10-05 13:57:01 - Better score found: 150
2023-10-05 13:57:03,491 - INFO - 2023-10-05 13:57:03 - Better score found: 138
2023-10-05 13:57:06,542 - INFO - 2023-10-05 13:57:06 - Better score found: 132
2023-10-05 13:57:10,231 - INFO - 2023-10-05 13:57:10 - Better score found: 126
2023-10-05 13:59:21,312 - INFO - 2023-10-05 13:59:21 - Better score found: 120
2023-10-05 13:59:25,714 - INFO - 2023-10-05 13:59:25 - Starting hoofd...
2023-10-05 13:59:25,766 - INFO - 2023-10-05 13:59:25 - Starting with score: 120
2023-10-05 13:59:26,235 - INFO - 2023-10-05 13:59:26 - Better score found: 108
2023-10-05 13:59:27,496 - INFO - 2023-10-05 13:59:27 - Better score found: 96
2023-10-05 13:59:28,409 - INFO - 2023-10-05 13:59:28 - Better score found: 84
2023-10-05 13:59:28,517 - INFO - 2023-10-05 13:59:28 - Better score found: 72
2023-10-05 13:59:28,630 - INFO - 2023-10-05 13:59:28 - Better score found: 60
2023-10-05 13:59:28,690 - INFO - 2023-10-05 13:59:28 - Better score found: 48
2023-10-05 13:59:28,898 - INFO - 2023-10-05 13:59:28 - Better score found: 36
2023-10-05 13:59:29,499 - INFO - 2023-10-05 13:59:29 - Better score found: 24
2023-10-05 14:02:29,362 - INFO - 2023-10-05 14:02:29 - Starting na...
2023-10-05 14:02:29,418 - INFO - 2023-10-05 14:02:29 - Starting with score: 24
2023-10-05 14:05:12,089 - INFO - 2023-10-05 14:05:12- Finished
2023-10-05 14:05:12,089 - INFO - --------------------------------------------------------------------------------------
